<?xml version="1.0" encoding="UTF-8"?>
<testng-results ignored="0" total="0" passed="0" failed="0" skipped="0">
  <reporter-output>
  </reporter-output>
  <suite started-at="2023-08-14T10:00:58 IST" name="Suite" finished-at="2023-08-14T10:00:58 IST" duration-ms="13">
    <groups>
    </groups>
    <test started-at="2023-08-14T10:00:58 IST" name="Regression Test" finished-at="2023-08-14T10:00:58 IST" duration-ms="13">
    </test> <!-- Regression Test -->
  </suite> <!-- Suite -->
</testng-results>
